

i2c_write 3 0x88 0x40 0x0;i2c_read 3 0x88 0xFE 0xFF;


i2c_write 3 0x88 0x40 0x0;i2c_read 3 0x88 0x02;
i2c_write 3 0x88 0x40 0x0;i2c_write 3 0x88 0x02 0x46; => i2c_write 3 0x88 0x40 0x0;i2c_write 3 0x88 0x02 0x42;


i2c_write 3 0x88 0x40 0x0;i2c_read 3 0x88 0x4F;
i2c_write 3 0x88 0x40 0x2;i2c_write 3 0x88 0x4F 0x02;


i2c_write 3 0x88 0x40 0x0;i2c_read 3 0x88 0x50;
i2c_write 3 0x88 0x40 0x1;i2c_write 3 0x88 0x50 0xFF;

i2c_write 3 0x88 0x40 0x0;i2c_read 3 0x88 0xF6;
i2c_write 3 0x88 0x40 0x1;i2c_write 3 0x88 0xF6 0x22;


i2c_write 3 0x88 0x40 0x0;i2c_read 3 0x88 0xFC;
i2c_write 3 0x88 0x40 0x0;i2c_write 3 0x88 0xFC 0x20;

=======================================================

VIN_2

Brightness:
i2c_write 3 0x88 0x40 0x1;i2c_read 3 0x88 0x10;
i2c_write 3 0x88 0x40 0x1;i2c_write 3 0x88 0x10 0x8;

Contrast:
i2c_write 3 0x88 0x40 0x1;i2c_read 3 0x88 0x11;
i2c_write 3 0x88 0x40 0x1;i2c_write 3 0x88 0x11 0x30;

Saturation:
i2c_write 3 0x88 0x40 0x1;i2c_read 3 0x88 0x12;
i2c_write 3 0x88 0x40 0x1;i2c_write 3 0x88 0x12 0x50;

Hue:
i2c_write 3 0x88 0x40 0x1;i2c_read 3 0x88 0x13;
i2c_write 3 0x88 0x40 0x1;i2c_write 3 0x88 0x13 0x50;


=======================================================
i2c_write 3 0x88 0x40 0x1;i2c_read 3 0x88 0x2D;
i2c_write 3 0x88 0x40 0x1;i2c_write 3 0x88 0x2D 0x5a;

i2c_write 3 0x88 0x40 0x1;i2c_read 3 0x88 0x2E;
i2c_write 3 0x88 0x40 0x1;i2c_write 3 0x88 0x2E 0x40;